La génération a démarré 29/08/2013 17:11:10.
     1>Projet "C:\Users\Natsu\Desktop\Computational Physics\Lab1\Lab1\Lab1.vcxproj" sur le nœud 2 (build cible(s)).
     1>InitializeBuildStatus:
         Création de "Debug\Lab1.unsuccessfulbuild", car "AlwaysCreate" a été spécifié.
       ClCompile:
         Toutes les sorties sont à jour.
         c:\Program Files (x86)\Microsoft Visual Studio 10.0\VC\bin\CL.exe /c /ZI /nologo /W3 /WX- /Od /Oy- /D WIN32 /D _DEBUG /D _CONSOLE /D _UNICODE /D UNICODE /Gm /EHsc /RTC1 /MDd /GS /fp:precise /Zc:wchar_t /Zc:forScope /Yu"StdAfx.h" /Fp"Debug\Lab1.pch" /Fo"Debug\\" /Fd"Debug\vc100.pdb" /Gd /TP /analyze- /errorReport:prompt Lab1.cpp
         Lab1.cpp
       ManifestResourceCompile:
         Toutes les sorties sont à jour.
       Link:
         c:\Program Files (x86)\Microsoft Visual Studio 10.0\VC\bin\link.exe /ERRORREPORT:PROMPT /OUT:"C:\Users\Natsu\Desktop\Computational Physics\Lab1\Debug\Lab1.exe" /INCREMENTAL /NOLOGO kernel32.lib user32.lib gdi32.lib winspool.lib comdlg32.lib advapi32.lib shell32.lib ole32.lib oleaut32.lib uuid.lib odbc32.lib odbccp32.lib /MANIFEST /ManifestFile:"Debug\Lab1.exe.intermediate.manifest" /MANIFESTUAC:"level='asInvoker' uiAccess='false'" /DEBUG /PDB:"C:\Users\Natsu\Desktop\Computational Physics\Lab1\Debug\Lab1.pdb" /SUBSYSTEM:CONSOLE /TLBID:1 /DYNAMICBASE /NXCOMPAT /IMPLIB:"C:\Users\Natsu\Desktop\Computational Physics\Lab1\Debug\Lab1.lib" /MACHINE:X86 Debug\Lab1.exe.embed.manifest.res
         Debug\DynamicAllocation.obj
         Debug\Lab1.obj
         Debug\stdafx.obj
       Manifest:
         C:\Program Files (x86)\Microsoft SDKs\Windows\v7.0A\bin\mt.exe /nologo /verbose /out:"Debug\Lab1.exe.embed.manifest" /manifest Debug\Lab1.exe.intermediate.manifest
         Toutes les sorties sont à jour.
       LinkEmbedManifest:
         Toutes les sorties sont à jour.
         Lab1.vcxproj -> C:\Users\Natsu\Desktop\Computational Physics\Lab1\Debug\Lab1.exe
       FinalizeBuildStatus:
         Suppression du fichier "Debug\Lab1.unsuccessfulbuild".
         Mise à jour de l'horodatage "Debug\Lab1.lastbuildstate".
     1>Génération du projet "C:\Users\Natsu\Desktop\Computational Physics\Lab1\Lab1\Lab1.vcxproj" terminée (build cible(s)).

La génération a réussi.

Temps écoulé 00:00:02.11
